<?xml version="1.0" encoding="UTF-8" ?>
<testsuite tests="5" failures="0" name="test.java.PasswordValidatorTest" time="0.011" errors="0" skipped="0">
  <properties>
[...]
</properties>
  <testcase classname="test.java.PasswordValidatorTest" name="testNoRepeats" time="0.011"/>
  <testcase classname="test.java.PasswordValidatorTest" name="testLengthRule" time="0"/>
  <testcase classname="test.java.PasswordValidatorTest" name="testAtLeastOneNumber" time="0"/>
  <testcase classname="test.java.PasswordValidatorTest" name="testAtLeastOneLowercaseLetter" time="0"/>
  <testcase classname="test.java.PasswordValidatorTest" name="testLowercaseOnly" time="0"/>
</testsuite>